/usr/bin/ld: /tmp/tmp0ldl76se(cpSpaceStep.c.o): in function `chipmunk_cpSpaceStep':
cpSpaceStep.c:(.text+0x9e6): undefined reference to `__pow_finite'
/usr/bin/ld: cpSpaceStep.c:(.text+0xa97): undefined reference to `__pow_finite'
collect2: error: ld returned 1 exit status
make[2]: *** [CMakeFiles/1f98908f46de4d77a64ded392fe67bf3.dir/build.make:88: 1f98908f46de4d77a64ded392fe67bf3] Error 1
make[1]: *** [CMakeFiles/Makefile2:76: CMakeFiles/1f98908f46de4d77a64ded392fe67bf3.dir/all] Error 2
make: *** [Makefile:84: all] Error 2
