/usr/bin/ld: /tmp/tmps51wjafp(cpSpaceStep.c.o): in function `chipmunk_cpSpaceStep':
cpSpaceStep.c:(.text+0x9e6): undefined reference to `__pow_finite'
/usr/bin/ld: cpSpaceStep.c:(.text+0xa97): undefined reference to `__pow_finite'
collect2: error: ld returned 1 exit status
make[2]: *** [CMakeFiles/0d0b6b5051ff499a8a71a86e323530c5.dir/build.make:87: 0d0b6b5051ff499a8a71a86e323530c5] Error 1
make[1]: *** [CMakeFiles/Makefile2:76: CMakeFiles/0d0b6b5051ff499a8a71a86e323530c5.dir/all] Error 2
make: *** [Makefile:84: all] Error 2
